Started at Wed Jan 10 06:27:00 UTC 2024
Processing c-project
Offering c-project to Project Build Discarder
Processing java-project
Offering java-project to Project Build Discarder
Processing test
Offering test to Project Build Discarder
Finished at Wed Jan 10 06:27:00 UTC 2024. 4ms
Started at Wed Jan 10 07:27:00 UTC 2024
Processing c-project
Offering c-project to Project Build Discarder
Processing java-project
Offering java-project to Project Build Discarder
Processing test
Offering test to Project Build Discarder
Finished at Wed Jan 10 07:27:00 UTC 2024. 2ms
Started at Wed Jan 10 08:27:00 UTC 2024
Processing c-project
Offering c-project to Project Build Discarder
Processing java-project
Offering java-project to Project Build Discarder
Processing test
Offering test to Project Build Discarder
Finished at Wed Jan 10 08:27:00 UTC 2024. 1ms
